#
# A fatal error has been detected by the Java Runtime Environment:
#
#  EXCEPTION_ACCESS_VIOLATION (0xc0000005) at pc=0x0000000070b9dabd, pid=17660, tid=0x00000000000000cc
#
# JRE version: Java(TM) SE Runtime Environment (8.0_121-b13) (build 1.8.0_121-b13)
# Java VM: Java HotSpot(TM) 64-Bit Server VM (25.121-b13 mixed mode windows-amd64 compressed oops)
# Problematic frame:
# V  [jvm.dll+0x13dabd]
#
# Failed to write core dump. Minidumps are not enabled by default on client versions of Windows
#
# If you would like to submit a bug report, please visit:
#   http://bugreport.java.com/bugreport/crash.jsp
#

---------------  T H R E A D  ---------------

Current thread (0x00000000050de000):  JavaThread "main" [_thread_in_vm, id=204, stack(0x00000000050e0000,0x00000000051e0000)]

siginfo: ExceptionCode=0xc0000005, reading address 0x0000000000000000

Registers:
RAX=0x0000000000000000, RBX=0x0000000000000000, RCX=0x0000000000000e00, RDX=0x0000000000000000
RSP=0x00000000051defd0, RBP=0x00000000050de1f8, RSI=0x00000000050de000, RDI=0x0000000000000000
R8 =0x0000000180011778, R9 =0x000000000000024a, R10=0x00007fff37dbbe50, R11=0x00000000051dee20
R12=0x0000000000000000, R13=0x0000000180011778, R14=0x0000000019dc68c0, R15=0x00000000050de000
RIP=0x0000000070b9dabd, EFLAGS=0x0000000000010246

Top of Stack: (sp=0x00000000051defd0)
0x00000000051defd0:   0000000000000000 0000000000000000
0x00000000051defe0:   0000000000000000 0000000070bbf597
0x00000000051deff0:   00000000050de000 00000000051df5f8
0x00000000051df000:   00000000174f42d8 0000000000000000
0x00000000051df010:   00000000050de000 0000000000000000
0x00000000051df020:   00000000050de000 0000000019dc68c0
0x00000000051df030:   00000000174f42d8 0000000000000000
0x00000000051df040:   00000000ffffffff 0000000180001170
0x00000000051df050:   00000000174f42d8 00000000050de1f8
0x00000000051df060:   00000000050de000 00000000050de1f8
0x00000000051df070:   00000000050dce10 0000000070c96b7d
0x00000000051df080:   00000000051df1f0 00000000050de000
0x00000000051df090:   00000000050d9af0 00000000050de8a0
0x00000000051df0a0:   0000000000000a34 00000000050de988
0x00000000051df0b0:   0000000000000000 00000000051df898
0x00000000051df0c0:   0000d10489d94416 0000000017a57940 

Instructions: (pc=0x0000000070b9dabd)
0x0000000070b9da9d:   00 00 06 00 00 00 48 89 74 24 40 48 89 5c 24 48
0x0000000070b9daad:   48 39 5e 08 74 0a 48 8d 4c 24 40 e8 03 df 13 00
0x0000000070b9dabd:   48 8b 0f e8 ab aa f2 ff 48 8b c8 48 8b e8 4c 8b
0x0000000070b9dacd:   60 10 e8 5c 7f fe ff 48 85 c0 75 05 48 8b fb eb 


Register to memory mapping:

RAX=0x0000000000000000 is an unknown value
RBX=0x0000000000000000 is an unknown value
RCX=0x0000000000000e00 is an unknown value
RDX=0x0000000000000000 is an unknown value
RSP=0x00000000051defd0 is pointing into the stack for thread: 0x00000000050de000
RBP=0x00000000050de1f8 is an unknown value
RSI=0x00000000050de000 is a thread
RDI=0x0000000000000000 is an unknown value
R8 =0x0000000180011778 is an unknown value
R9 =0x000000000000024a is an unknown value
R10=0x00007fff37dbbe50 is an unknown value
R11=0x00000000051dee20 is pointing into the stack for thread: 0x00000000050de000
R12=0x0000000000000000 is an unknown value
R13=0x0000000180011778 is an unknown value
R14=0x0000000019dc68c0 is an unknown value
R15=0x00000000050de000 is a thread


Stack: [0x00000000050e0000,0x00000000051e0000],  sp=0x00000000051defd0,  free space=1019k
Native frames: (J=compiled Java code, j=interpreted, Vv=VM code, C=native code)
V  [jvm.dll+0x13dabd]
C  [jpcap.dll+0x1170]
C  0x00000000054c7f74

Java frames: (J=compiled Java code, j=interpreted, Vv=VM code)
j  jpcap.JpcapCaptor.getDeviceList()[Ljpcap/NetworkInterface;+0
j  com.wchstrife.JpcapPacket.main([Ljava/lang/String;)V+0
v  ~StubRoutines::call_stub

---------------  P R O C E S S  ---------------

Java Threads: ( => current thread )
  0x000000001903b800 JavaThread "Service Thread" daemon [_thread_blocked, id=10512, stack(0x0000000019900000,0x0000000019a00000)]
  0x0000000018f8f000 JavaThread "C1 CompilerThread2" daemon [_thread_blocked, id=17336, stack(0x0000000019800000,0x0000000019900000)]
  0x0000000018f89000 JavaThread "C2 CompilerThread1" daemon [_thread_blocked, id=1640, stack(0x0000000019700000,0x0000000019800000)]
  0x0000000018f8e000 JavaThread "C2 CompilerThread0" daemon [_thread_blocked, id=20468, stack(0x0000000019600000,0x0000000019700000)]
  0x0000000018f76000 JavaThread "Monitor Ctrl-Break" daemon [_thread_in_native, id=13140, stack(0x0000000019500000,0x0000000019600000)]
  0x0000000017a9f000 JavaThread "Attach Listener" daemon [_thread_blocked, id=18392, stack(0x0000000019400000,0x0000000019500000)]
  0x0000000018f43800 JavaThread "Signal Dispatcher" daemon [_thread_blocked, id=4048, stack(0x0000000019300000,0x0000000019400000)]
  0x00000000054ac000 JavaThread "Finalizer" daemon [_thread_blocked, id=16552, stack(0x0000000018d00000,0x0000000018e00000)]
  0x00000000054a3000 JavaThread "Reference Handler" daemon [_thread_blocked, id=8092, stack(0x0000000018c00000,0x0000000018d00000)]
=>0x00000000050de000 JavaThread "main" [_thread_in_vm, id=204, stack(0x00000000050e0000,0x00000000051e0000)]

Other Threads:
  0x0000000017a57000 VMThread [stack: 0x0000000018b00000,0x0000000018c00000] [id=13760]
  0x0000000019040000 WatcherThread [stack: 0x0000000019a00000,0x0000000019b00000] [id=8476]

VM state:not at safepoint (normal execution)

VM Mutex/Monitor currently owned by a thread: None

Heap:
 PSYoungGen      total 18944K, used 2643K [0x00000000eb380000, 0x00000000ec880000, 0x0000000100000000)
  eden space 16384K, 16% used [0x00000000eb380000,0x00000000eb614eb0,0x00000000ec380000)
  from space 2560K, 0% used [0x00000000ec600000,0x00000000ec600000,0x00000000ec880000)
  to   space 2560K, 0% used [0x00000000ec380000,0x00000000ec380000,0x00000000ec600000)
 ParOldGen       total 44032K, used 0K [0x00000000c1a00000, 0x00000000c4500000, 0x00000000eb380000)
  object space 44032K, 0% used [0x00000000c1a00000,0x00000000c1a00000,0x00000000c4500000)
 Metaspace       used 3523K, capacity 4568K, committed 4864K, reserved 1056768K
  class space    used 391K, capacity 392K, committed 512K, reserved 1048576K

Card table byte_map: [0x0000000014870000,0x0000000014a70000] byte_map_base: 0x0000000014263000

Marking Bits: (ParMarkBitMap*) 0x000000007127b6d0
 Begin Bits: [0x0000000014fc0000, 0x0000000015f58000)
 End Bits:   [0x0000000015f58000, 0x0000000016ef0000)

Polling page: 0x0000000003410000

CodeCache: size=245760Kb used=1156Kb max_used=1156Kb free=244603Kb
 bounds [0x00000000054b0000, 0x0000000005720000, 0x00000000144b0000]
 total_blobs=303 nmethods=44 adapters=172
 compilation: enabled

Compilation events (10 events):
Event: 0.190 Thread 0x0000000018f8f000   40   !   3       sun.misc.URLClassPath$JarLoader::getResource (85 bytes)
Event: 0.191 Thread 0x0000000018f8f000 nmethod 40 0x00000000055ce910 code [0x00000000055ceb60, 0x00000000055cf788]
Event: 0.191 Thread 0x0000000018f8f000   41       3       java.lang.String::indexOf (166 bytes)
Event: 0.192 Thread 0x0000000018f8f000 nmethod 41 0x00000000055cfe90 code [0x00000000055d0040, 0x00000000055d0690]
Event: 0.192 Thread 0x0000000018f8f000   43       3       java.lang.String::lastIndexOf (52 bytes)
Event: 0.192 Thread 0x0000000018f8f000 nmethod 43 0x00000000055d0a50 code [0x00000000055d0be0, 0x00000000055d0f88]
Event: 0.192 Thread 0x0000000018f8f000   42       3       java.util.Arrays::copyOf (19 bytes)
Event: 0.192 Thread 0x0000000018f8f000 nmethod 42 0x00000000055d1110 code [0x00000000055d1280, 0x00000000055d15a8]
Event: 0.192 Thread 0x0000000018f8f000   44       1       java.net.URL::getRef (5 bytes)
Event: 0.192 Thread 0x0000000018f8f000 nmethod 44 0x00000000055cad90 code [0x00000000055caee0, 0x00000000055caff0]

GC Heap History (0 events):
No events

Deoptimization events (0 events):
No events

Internal exceptions (2 events):
Event: 0.059 Thread 0x00000000050de000 Exception <a 'java/lang/NoSuchMethodError': Method sun.misc.Unsafe.defineClass(Ljava/lang/String;[BII)Ljava/lang/Class; name or signature does not match> (0x00000000eb387ca8) thrown at [C:\re\workspace\8-2-build-windows-amd64-cygwin\jdk8u121\8372\hotspot\
Event: 0.059 Thread 0x00000000050de000 Exception <a 'java/lang/NoSuchMethodError': Method sun.misc.Unsafe.prefetchRead(Ljava/lang/Object;J)V name or signature does not match> (0x00000000eb387f90) thrown at [C:\re\workspace\8-2-build-windows-amd64-cygwin\jdk8u121\8372\hotspot\src\share\vm\prims

Events (10 events):
Event: 0.182 loading class jpcap/JpcapCaptor
Event: 0.182 loading class jpcap/JpcapCaptor done
Event: 0.183 loading class jpcap/JpcapInstance
Event: 0.183 loading class jpcap/JpcapInstance done
Event: 0.190 loading class jpcap/NetworkInterface
Event: 0.190 loading class jpcap/NetworkInterface done
Event: 0.191 loading class jpcap/NetworkInterfaceAddress
Event: 0.191 loading class jpcap/NetworkInterfaceAddress done
Event: 0.192 loading class java/net/UnknownHostException
Event: 0.192 loading class java/net/UnknownHostException done


Dynamic libraries:
0x00007ff6c1420000 - 0x00007ff6c1457000 	E:\JavaLink\bin\java.exe
0x00007fff37ca0000 - 0x00007fff37e80000 	C:\WINDOWS\SYSTEM32\ntdll.dll
0x00007fff35340000 - 0x00007fff353ee000 	C:\WINDOWS\System32\KERNEL32.DLL
0x00007fff34100000 - 0x00007fff34366000 	C:\WINDOWS\System32\KERNELBASE.dll
0x00007fff35800000 - 0x00007fff358a1000 	C:\WINDOWS\System32\ADVAPI32.dll
0x00007fff35450000 - 0x00007fff354ed000 	C:\WINDOWS\System32\msvcrt.dll
0x00007fff353f0000 - 0x00007fff3544b000 	C:\WINDOWS\System32\sechost.dll
0x00007fff37360000 - 0x00007fff3747f000 	C:\WINDOWS\System32\RPCRT4.dll
0x00007fff37150000 - 0x00007fff372df000 	C:\WINDOWS\System32\USER32.dll
0x00007fff34a00000 - 0x00007fff34a20000 	C:\WINDOWS\System32\win32u.dll
0x00007fff35190000 - 0x00007fff351b8000 	C:\WINDOWS\System32\GDI32.dll
0x00007fff345e0000 - 0x00007fff34773000 	C:\WINDOWS\System32\gdi32full.dll
0x00007fff34540000 - 0x00007fff345db000 	C:\WINDOWS\System32\msvcp_win.dll
0x00007fff34880000 - 0x00007fff34976000 	C:\WINDOWS\System32\ucrtbase.dll
0x00007fff2b370000 - 0x00007fff2b5d9000 	C:\WINDOWS\WinSxS\amd64_microsoft.windows.common-controls_6595b64144ccf1df_6.0.16299.309_none_15cfd4c4935e6b11\COMCTL32.dll
0x00007fff358f0000 - 0x00007fff35bf8000 	C:\WINDOWS\System32\combase.dll
0x00007fff34980000 - 0x00007fff349f2000 	C:\WINDOWS\System32\bcryptPrimitives.dll
0x00007fff358b0000 - 0x00007fff358dd000 	C:\WINDOWS\System32\IMM32.DLL
0x0000000071300000 - 0x00000000713d2000 	E:\JavaLink\jre\bin\msvcr100.dll
0x0000000070a60000 - 0x00000000712fb000 	E:\JavaLink\jre\bin\server\jvm.dll
0x00007fff358e0000 - 0x00007fff358e8000 	C:\WINDOWS\System32\PSAPI.DLL
0x00007fff31cc0000 - 0x00007fff31ce3000 	C:\WINDOWS\SYSTEM32\WINMM.dll
0x00007fff23f60000 - 0x00007fff23f69000 	C:\WINDOWS\SYSTEM32\WSOCK32.dll
0x00007fff37c00000 - 0x00007fff37c6c000 	C:\WINDOWS\System32\WS2_32.dll
0x00007fff31c90000 - 0x00007fff31cba000 	C:\WINDOWS\SYSTEM32\WINMMBASE.dll
0x00007fff34830000 - 0x00007fff3487a000 	C:\WINDOWS\System32\cfgmgr32.dll
0x00007fff2e170000 - 0x00007fff2e17a000 	C:\WINDOWS\SYSTEM32\VERSION.dll
0x0000000071f10000 - 0x0000000071f1f000 	E:\JavaLink\jre\bin\verify.dll
0x0000000071ee0000 - 0x0000000071f09000 	E:\JavaLink\jre\bin\java.dll
0x0000000071e90000 - 0x0000000071eb3000 	E:\JavaLink\jre\bin\instrument.dll
0x0000000071ec0000 - 0x0000000071ed6000 	E:\JavaLink\jre\bin\zip.dll
0x00007fff35c10000 - 0x00007fff37046000 	C:\WINDOWS\System32\SHELL32.dll
0x00007fff351c0000 - 0x00007fff35266000 	C:\WINDOWS\System32\shcore.dll
0x00007fff34a20000 - 0x00007fff35167000 	C:\WINDOWS\System32\windows.storage.dll
0x00007fff37930000 - 0x00007fff37981000 	C:\WINDOWS\System32\shlwapi.dll
0x00007fff34080000 - 0x00007fff34091000 	C:\WINDOWS\System32\kernel.appcore.dll
0x00007fff34010000 - 0x00007fff3405c000 	C:\WINDOWS\System32\powrprof.dll
0x00007fff33ff0000 - 0x00007fff3400b000 	C:\WINDOWS\System32\profapi.dll
0x00007fff2dad0000 - 0x00007fff2daea000 	D:\Program Files\IntelliJ IDEA 2017.2.6\bin\breakgen64.dll
0x0000000071e70000 - 0x0000000071e8a000 	E:\JavaLink\jre\bin\net.dll
0x00007fff33880000 - 0x00007fff338e6000 	C:\WINDOWS\system32\mswsock.dll
0x0000000180000000 - 0x000000018002d000 	E:\JavaLink\jre\bin\jpcap.dll
0x00007fff33610000 - 0x00007fff33649000 	C:\WINDOWS\SYSTEM32\iphlpapi.dll
0x0000000019b00000 - 0x0000000019b65000 	C:\WINDOWS\SYSTEM32\wpcap.dll
0x0000000005340000 - 0x000000000535f000 	C:\WINDOWS\SYSTEM32\packet.dll
0x00007fff35c00000 - 0x00007fff35c08000 	C:\WINDOWS\System32\NSI.dll
0x00007fff26870000 - 0x00007fff26a38000 	C:\WINDOWS\SYSTEM32\dbghelp.dll

VM Arguments:
jvm_args: -javaagent:D:\Program Files\IntelliJ IDEA 2017.2.6\lib\idea_rt.jar=40177:D:\Program Files\IntelliJ IDEA 2017.2.6\bin -Dfile.encoding=UTF-8 
java_command: com.wchstrife.JpcapPacket
java_class_path (initial): E:\JavaLink\jre\lib\charsets.jar;E:\JavaLink\jre\lib\deploy.jar;E:\JavaLink\jre\lib\ext\access-bridge-64.jar;E:\JavaLink\jre\lib\ext\cldrdata.jar;E:\JavaLink\jre\lib\ext\dnsns.jar;E:\JavaLink\jre\lib\ext\jaccess.jar;E:\JavaLink\jre\lib\ext\jfxrt.jar;E:\JavaLink\jre\lib\ext\localedata.jar;E:\JavaLink\jre\lib\ext\nashorn.jar;E:\JavaLink\jre\lib\ext\sunec.jar;E:\JavaLink\jre\lib\ext\sunjce_provider.jar;E:\JavaLink\jre\lib\ext\sunmscapi.jar;E:\JavaLink\jre\lib\ext\sunpkcs11.jar;E:\JavaLink\jre\lib\ext\zipfs.jar;E:\JavaLink\jre\lib\javaws.jar;E:\JavaLink\jre\lib\jce.jar;E:\JavaLink\jre\lib\jfr.jar;E:\JavaLink\jre\lib\jfxswt.jar;E:\JavaLink\jre\lib\jsse.jar;E:\JavaLink\jre\lib\management-agent.jar;E:\JavaLink\jre\lib\plugin.jar;E:\JavaLink\jre\lib\resources.jar;E:\JavaLink\jre\lib\rt.jar;D:\ustb\tcp-test\out\production\tcp-test;D:\ustb\tcp\jpcap\jpcap\jpcap.jar;D:\Program Files\IntelliJ IDEA 2017.2.6\lib\idea_rt.jar
Launcher Type: SUN_STANDARD

Environment Variables:
JAVA_HOME=E:\JavaLink
CLASSPATH=.;E:\JavaLink\lib\dt.jar;E:\JavaLink\lib\tools.jar; 
PATH=E:\JavaLink\bin;E:\JavaLink\jre\bin;C:\ProgramData\Oracle\Java\javapath;C:\WINDOWS\system32;C:\WINDOWS;C:\WINDOWS\System32\Wbem;C:\WINDOWS\System32\WindowsPowerShell\v1.0\;E:\BaiduYunDownload\adt-bundle-windows-x86_64-20140702\sdk\platform-tools;D:\MatLab\runtime\win64;D:\MatLab\bin;D:\MatLab\polyspace\bin;F:\DianGong\System;C:\Users\ASUS\AppData\Local\Android\sdk;C:\Users\ASUS\AppData\Local\Android\sdk\android-ndk-r10e;C:\Program Files\Apache Software Foundation\Tomcat 9.0\bin;D:\Program Files\QTSystem\;D:\Program Files\apache-maven-3.5.0\bin;C:\Program Files (x86)\Microsoft SQL Server\100\Tools\Binn\;C:\Program Files\Microsoft SQL Server\100\Tools\Binn\;C:\Program Files\Microsoft SQL Server\100\DTS\Binn\;D:\Program Files\doxygen\bin;D:\Program Files\Nodejs\;D:\Program Files\putty\;C:\Users\ASUS\AppData\Local\Programs\Python\Python36-32\Scripts\;C:\Users\ASUS\AppData\Local\Programs\Python\Python36-32\;C:\Users\ASUS\AppData\Local\Microsoft\WindowsApps;E:\Microsoft VS Code\bin;D:\Program Files\Git\cmd;C:\Users\ASUS\AppData\Roaming\npm;C:\Python27;C:\Python27\Scripts;
USERNAME=ASUS
OS=Windows_NT
PROCESSOR_IDENTIFIER=Intel64 Family 6 Model 60 Stepping 3, GenuineIntel



---------------  S Y S T E M  ---------------

OS: Windows 10.0 , 64 bit Build 16299 (10.0.16299.15)

CPU:total 4 (2 cores per cpu, 2 threads per core) family 6 model 60 stepping 3, cmov, cx8, fxsr, mmx, sse, sse2, sse3, ssse3, sse4.1, sse4.2, popcnt, avx, avx2, aes, clmul, erms, lzcnt, ht, tsc, tscinvbit, bmi1, bmi2

Memory: 4k page, physical 4080544k(512448k free), swap 9049280k(3030424k free)

vm_info: Java HotSpot(TM) 64-Bit Server VM (25.121-b13) for windows-amd64 JRE (1.8.0_121-b13), built on Dec 12 2016 18:21:36 by "java_re" with MS VC++ 10.0 (VS2010)

time: Thu Apr 12 15:29:05 2018
elapsed time: 0 seconds (0d 0h 0m 0s)

